\BOOKMARK [1][-]{section.0.1}{R\351sum\351}{}% 1
\BOOKMARK [1][-]{section.0.2}{Remerciements}{}% 2
\BOOKMARK [1][-]{section.0.3}{Glossaire}{}% 3
\BOOKMARK [0][-]{chapter.1}{Contexte}{}% 4
\BOOKMARK [1][-]{section.1.1}{Introduction}{chapter.1}% 5
\BOOKMARK [2][-]{subsection.1.1.1}{G\351neral}{section.1.1}% 6
\BOOKMARK [2][-]{subsection.1.1.2}{Objectif du projet}{section.1.1}% 7
\BOOKMARK [1][-]{section.1.2}{R\351alit\351 des \351tudes de sol en Haiti}{chapter.1}% 8
\BOOKMARK [1][-]{section.1.3}{Les donnees g\351otechniques en Haiti}{chapter.1}% 9
\BOOKMARK [1][-]{section.1.4}{Les BDD g\351otechniques dans le monde}{chapter.1}% 10
\BOOKMARK [2][-]{subsection.1.4.1}{Dans les Caraibes}{section.1.4}% 11
\BOOKMARK [2][-]{subsection.1.4.2}{En Amerique}{section.1.4}% 12
\BOOKMARK [2][-]{subsection.1.4.3}{En Europe}{section.1.4}% 13
\BOOKMARK [2][-]{subsection.1.4.4}{En Asie}{section.1.4}% 14
\BOOKMARK [1][-]{section.1.5}{Comparaison avec des outils d\351j\340 impl\351ment\351s}{chapter.1}% 15
\BOOKMARK [1][-]{section.1.6}{Gestion actuelle des donn\351es g\351othechniques en Haiti}{chapter.1}% 16
\BOOKMARK [2][-]{subsection.1.6.1}{Apport de ce projet\(centralisation des data\)}{section.1.6}% 17
\BOOKMARK [0][-]{chapter.2}{Analyse des besoins}{}% 18
\BOOKMARK [1][-]{section.2.1}{Besoins fonctionnels}{chapter.2}% 19
\BOOKMARK [1][-]{section.2.2}{Besoins non-fonctionnels}{chapter.2}% 20
\BOOKMARK [1][-]{section.2.3}{Approche de travail}{chapter.2}% 21
\BOOKMARK [1][-]{section.2.4}{Methodologie}{chapter.2}% 22
\BOOKMARK [1][-]{section.2.5}{Structure modulaire}{chapter.2}% 23
\BOOKMARK [1][-]{section.2.6}{Structure des donn\351es}{chapter.2}% 24
\BOOKMARK [1][-]{section.2.7}{Documents de validation}{chapter.2}% 25
\BOOKMARK [1][-]{section.2.8}{Objectifs}{chapter.2}% 26
\BOOKMARK [1][-]{section.2.9}{Protocole}{chapter.2}% 27
\BOOKMARK [1][-]{section.2.10}{Attentes}{chapter.2}% 28
\BOOKMARK [1][-]{section.2.11}{Diagrammes d'activites}{chapter.2}% 29
\BOOKMARK [0][-]{chapter.3}{Implementation}{}% 30
\BOOKMARK [1][-]{section.3.1}{Choix des technologies}{chapter.3}% 31
\BOOKMARK [1][-]{section.3.2}{La hierarchie dans l'application}{chapter.3}% 32
\BOOKMARK [1][-]{section.3.3}{Interface utilisateur}{chapter.3}% 33
\BOOKMARK [1][-]{section.3.4}{Client}{chapter.3}% 34
\BOOKMARK [1][-]{section.3.5}{Serveur}{chapter.3}% 35
\BOOKMARK [0][-]{chapter.4}{Conclusion}{}% 36
\BOOKMARK [1][-]{section.4.1}{Ameliorations futures}{chapter.4}% 37
\BOOKMARK [2][-]{subsection.4.1.1}{Suite du projet}{section.4.1}% 38
\BOOKMARK [2][-]{subsection.4.1.2}{Defis rencontres}{section.4.1}% 39
\BOOKMARK [2][-]{subsection.4.1.3}{Propositions}{section.4.1}% 40
\BOOKMARK [1][-]{section.4.2}{Conclusion}{chapter.4}% 41
