This is pdfTeX, Version 3.14159265-2.6-1.40.20 (TeX Live 2019/Debian) (preloaded format=pdflatex 2020.12.1)  27 DEC 2020 19:07
entering extended mode
 restricted \write18 enabled.
 file:line:error style messages enabled.
 %&-line parsing enabled.
**/home/bgt/Documents/EN3/Geotech/GeoTech/etat_de_lart/main.tex
(/home/bgt/Documents/EN3/Geotech/GeoTech/etat_de_lart/main.tex
LaTeX2e <2020-02-02> patch level 2
L3 programming layer <2020-02-14> (/usr/share/texlive/texmf-dist/tex/latex/base/report.cls
Document Class: report 2019/12/20 v1.4l Standard LaTeX document class
(/usr/share/texlive/texmf-dist/tex/latex/base/size12.clo
File: size12.clo 2019/12/20 v1.4l Standard LaTeX file (size option)
)
\c@part=\count167
\c@chapter=\count168
\c@section=\count169
\c@subsection=\count170
\c@subsubsection=\count171
\c@paragraph=\count172
\c@subparagraph=\count173
\c@figure=\count174
\c@table=\count175
\abovecaptionskip=\skip47
\belowcaptionskip=\skip48
\bibindent=\dimen134
) (/usr/share/texlive/texmf-dist/tex/latex/graphics/graphicx.sty
Package: graphicx 2019/11/30 v1.2a Enhanced LaTeX Graphics (DPC,SPQR)
 (/usr/share/texlive/texmf-dist/tex/latex/graphics/keyval.sty
Package: keyval 2014/10/28 v1.15 key=value parser (DPC)
\KV@toks@=\toks14
) (/usr/share/texlive/texmf-dist/tex/latex/graphics/graphics.sty
Package: graphics 2019/11/30 v1.4a Standard LaTeX Graphics (DPC,SPQR)
 (/usr/share/texlive/texmf-dist/tex/latex/graphics/trig.sty
Package: trig 2016/01/03 v1.10 sin cos tan (DPC)
) (/usr/share/texlive/texmf-dist/tex/latex/graphics-cfg/graphics.cfg
File: graphics.cfg 2016/06/04 v1.11 sample graphics configuration
)
Package graphics Info: Driver file: pdftex.def on input line 105.
 (/usr/share/texlive/texmf-dist/tex/latex/graphics-def/pdftex.def
File: pdftex.def 2018/01/08 v1.0l Graphics/color driver for pdftex
))
\Gin@req@height=\dimen135
\Gin@req@width=\dimen136
) (/usr/share/texlive/texmf-dist/tex/latex/l3backend/l3backend-pdfmode.def
File: l3backend-pdfmode.def 2020-02-03 L3 backend support: PDF mode
\l__kernel_color_stack_int=\count176
\l__pdf_internal_box=\box45
) (/home/bgt/Documents/EN3/Geotech/GeoTech/etat_de_lart/main.aux (/home/bgt/Documents/EN3/Geotech/GeoTech/etat_de_lart/Resume/resume.aux) (/home/bgt/Documents/EN3/Geotech/GeoTech/etat_de_lart/Remerciements/remerciements.aux) (/home/bgt/Documents/EN3/Geotech/GeoTech/etat_de_lart/Glossaire/glossaire.aux) (/home/bgt/Documents/EN3/Geotech/GeoTech/etat_de_lart/Contexte/contexte.aux) (/home/bgt/Documents/EN3/Geotech/GeoTech/etat_de_lart/EtatDeLArt/etat_de_l_art.aux))
\openout1 = `main.aux'.

LaTeX Font Info:    Checking defaults for OML/cmm/m/it on input line 5.
LaTeX Font Info:    ... okay on input line 5.
LaTeX Font Info:    Checking defaults for OMS/cmsy/m/n on input line 5.
LaTeX Font Info:    ... okay on input line 5.
LaTeX Font Info:    Checking defaults for OT1/cmr/m/n on input line 5.
LaTeX Font Info:    ... okay on input line 5.
LaTeX Font Info:    Checking defaults for T1/cmr/m/n on input line 5.
LaTeX Font Info:    ... okay on input line 5.
LaTeX Font Info:    Checking defaults for TS1/cmr/m/n on input line 5.
LaTeX Font Info:    ... okay on input line 5.
LaTeX Font Info:    Checking defaults for OMX/cmex/m/n on input line 5.
LaTeX Font Info:    ... okay on input line 5.
LaTeX Font Info:    Checking defaults for U/cmr/m/n on input line 5.
LaTeX Font Info:    ... okay on input line 5.
 (/usr/share/texlive/texmf-dist/tex/context/base/mkii/supp-pdf.mkii
[Loading MPS to PDF converter (version 2006.09.02).]
\scratchcounter=\count177
\scratchdimen=\dimen137
\scratchbox=\box46
\nofMPsegments=\count178
\nofMParguments=\count179
\everyMPshowfont=\toks15
\MPscratchCnt=\count180
\MPscratchDim=\dimen138
\MPnumerator=\count181
\makeMPintoPDFobject=\count182
\everyMPtoPDFconversion=\toks16
) (/usr/share/texlive/texmf-dist/tex/latex/epstopdf-pkg/epstopdf-base.sty
Package: epstopdf-base 2020-01-24 v2.11 Base part for package epstopdf
Package epstopdf-base Info: Redefining graphics rule for `.eps' on input line 485.
 (/usr/share/texlive/texmf-dist/tex/latex/latexconfig/epstopdf-sys.cfg
File: epstopdf-sys.cfg 2010/07/13 v1.3 Configuration of (r)epstopdf for TeX Live
))
<GIS.jpg, id=1, 226.446pt x 144.7809pt>
File: GIS.jpg Graphic file (type jpg)
<use GIS.jpg>
Package pdftex.def Info: GIS.jpg  used on input line 9.
(pdftex.def)             Requested size: 390.0pt x 249.35847pt.
LaTeX Font Info:    External font `cmex10' loaded for size
(Font)              <14.4> on input line 27.
LaTeX Font Info:    External font `cmex10' loaded for size
(Font)              <7> on input line 27.
 [1

 </home/bgt/Documents/EN3/Geotech/GeoTech/etat_de_lart/GIS.jpg>] [2{/var/lib/texmf/fonts/map/pdftex/updmap/pdftex.map}] (/home/bgt/Documents/EN3/Geotech/GeoTech/etat_de_lart/main.toc
LaTeX Font Info:    External font `cmex10' loaded for size
(Font)              <12> on input line 10.
LaTeX Font Info:    External font `cmex10' loaded for size
(Font)              <8> on input line 10.
LaTeX Font Info:    External font `cmex10' loaded for size
(Font)              <6> on input line 10.
)
\tf@toc=\write3
\openout3 = `main.toc'.

 [1

]
\openout2 = `Resume/resume.aux'.

 (/home/bgt/Documents/EN3/Geotech/GeoTech/etat_de_lart/Resume/resume.tex
Chapter 1.

Overfull \hbox (54.51346pt too wide) in paragraph at lines 12--14
[]\OT1/cmr/m/n/12 La to-talit^^Se des codes est disponible en ligne sur GitHub :https://github.com/geotech.
 []

) [2


]
\openout2 = `Remerciements/remerciements.aux'.

 (/home/bgt/Documents/EN3/Geotech/GeoTech/etat_de_lart/Remerciements/remerciements.tex
Chapter 2.
) [3



]
\openout2 = `Glossaire/glossaire.aux'.

 (/home/bgt/Documents/EN3/Geotech/GeoTech/etat_de_lart/Glossaire/glossaire.tex
Chapter 3.
) [4



]
\openout2 = `Contexte/contexte.aux'.

 (/home/bgt/Documents/EN3/Geotech/GeoTech/etat_de_lart/Contexte/contexte.tex
Chapter 4.
) [5



]
\openout2 = `EtatDeLArt/etat_de_l_art.aux'.

 (/home/bgt/Documents/EN3/Geotech/GeoTech/etat_de_lart/EtatDeLArt/etat_de_l_art.tex
Chapter 5.
[6



]
Overfull \hbox (8.58197pt too wide) in paragraph at lines 18--22
\OT1/cmr/m/n/12 pal probl^^Reme est le pro-to-cole per-me-t-tant les ^^Sechanges des don^^Sees g^^Seotechniques. 
 []


Overfull \hbox (2.92047pt too wide) in paragraph at lines 25--32
\OT1/cmr/m/n/12 toma-tis^^See) [Ley-monerie 2004]. L'architecte a pour r^ole de d^^Sefinir l'architecture
 []

) [7] (/home/bgt/Documents/EN3/Geotech/GeoTech/etat_de_lart/main.aux (/home/bgt/Documents/EN3/Geotech/GeoTech/etat_de_lart/Resume/resume.aux) (/home/bgt/Documents/EN3/Geotech/GeoTech/etat_de_lart/Remerciements/remerciements.aux) (/home/bgt/Documents/EN3/Geotech/GeoTech/etat_de_lart/Glossaire/glossaire.aux) (/home/bgt/Documents/EN3/Geotech/GeoTech/etat_de_lart/Contexte/contexte.aux) (/home/bgt/Documents/EN3/Geotech/GeoTech/etat_de_lart/EtatDeLArt/etat_de_l_art.aux)) ) 
Here is how much of TeX's memory you used:
 1271 strings out of 481239
 21134 string characters out of 5920377
 252173 words of memory out of 5000000
 16526 multiletter control sequences out of 15000+600000
 537805 words of font info for 42 fonts, out of 8000000 for 9000
 1141 hyphenation exceptions out of 8191
 30i,10n,25p,719b,219s stack positions out of 5000i,500n,10000p,200000b,80000s
</usr/share/texlive/texmf-dist/fonts/type1/public/amsfonts/cm/cmbx12.pfb></usr/share/texlive/texmf-dist/fonts/type1/public/amsfonts/cm/cmr12.pfb></usr/share/texlive/texmf-dist/fonts/type1/public/amsfonts/cm/cmr17.pfb>
Output written on /home/bgt/Documents/EN3/Geotech/GeoTech/etat_de_lart/main.pdf (9 pages, 208181 bytes).
PDF statistics:
 47 PDF objects out of 1000 (max. 8388607)
 31 compressed objects within 1 object stream
 0 named destinations out of 1000 (max. 500000)
 6 words of extra memory for PDF output out of 10000 (max. 10000000)

